# JRE version: OpenJDK Runtime Environment (11.0.5+10) (build 11.0.5+10-b520.17)
# Java VM: OpenJDK 64-Bit Server VM (11.0.5+10-b520.17, mixed mode, sharing, tiered, compressed oops, g1 gc, windows-amd64)
Heap:
 garbage-first heap   total 65536K, used 15847K [0x00000000c1a00000, 0x0000000100000000)
  region size 1024K, 8 young (8192K), 5 survivors (5120K)
 Metaspace       used 31029K, capacity 32332K, committed 32688K, reserved 1077248K
  class space    used 4198K, capacity 4739K, committed 4864K, reserved 1048576K
GC Heap History (14 events):
Event: 5.472 GC heap before
{Heap before GC invocations=0 (full 0):
 garbage-first heap   total 65536K, used 13312K [0x00000000c1a00000, 0x0000000100000000)
  region size 1024K, 14 young (14336K), 0 survivors (0K)
 Metaspace       used 4507K, capacity 5306K, committed 5632K, reserved 1056768K
  class space    used 568K, capacity 694K, committed 768K, reserved 1048576K
}
Event: 5.484 GC heap after
{Heap after GC invocations=1 (full 0):
 garbage-first heap   total 65536K, used 4172K [0x00000000c1a00000, 0x0000000100000000)
  region size 1024K, 2 young (2048K), 2 survivors (2048K)
 Metaspace       used 4507K, capacity 5306K, committed 5632K, reserved 1056768K
  class space    used 568K, capacity 694K, committed 768K, reserved 1048576K
}
Event: 7.122 GC heap before
{Heap before GC invocations=1 (full 0):
 garbage-first heap   total 65536K, used 40012K [0x00000000c1a00000, 0x0000000100000000)
  region size 1024K, 38 young (38912K), 2 survivors (2048K)
 Metaspace       used 9970K, capacity 10473K, committed 10752K, reserved 1058816K
  class space    used 1317K, capacity 1505K, committed 1536K, reserved 1048576K
}
Event: 7.135 GC heap after
{Heap after GC invocations=2 (full 0):
 garbage-first heap   total 65536K, used 6403K [0x00000000c1a00000, 0x0000000100000000)
  region size 1024K, 5 young (5120K), 5 survivors (5120K)
 Metaspace       used 9970K, capacity 10473K, committed 10752K, reserved 1058816K
  class space    used 1317K, capacity 1505K, committed 1536K, reserved 1048576K
}
Event: 7.785 GC heap before
{Heap before GC invocations=2 (full 0):
 garbage-first heap   total 65536K, used 39171K [0x00000000c1a00000, 0x0000000100000000)
  region size 1024K, 38 young (38912K), 5 survivors (5120K)
 Metaspace       used 15059K, capacity 15728K, committed 16000K, reserved 1062912K
  class space    used 2079K, capacity 2321K, committed 2432K, reserved 1048576K
}
Event: 7.797 GC heap after
{Heap after GC invocations=3 (full 0):
 garbage-first heap   total 65536K, used 7602K [0x00000000c1a00000, 0x0000000100000000)
  region size 1024K, 4 young (4096K), 4 survivors (4096K)
 Metaspace       used 15059K, capacity 15728K, committed 16000K, reserved 1062912K
  class space    used 2079K, capacity 2321K, committed 2432K, reserved 1048576K
}
Event: 8.842 GC heap before
{Heap before GC invocations=3 (full 0):
 garbage-first heap   total 65536K, used 41394K [0x00000000c1a00000, 0x0000000100000000)
  region size 1024K, 38 young (38912K), 4 survivors (4096K)
 Metaspace       used 18167K, capacity 18954K, committed 19200K, reserved 1064960K
  class space    used 2491K, capacity 2797K, committed 2816K, reserved 1048576K
}
Event: 8.855 GC heap after
{Heap after GC invocations=4 (full 0):
 garbage-first heap   total 65536K, used 9046K [0x00000000c1a00000, 0x0000000100000000)
  region size 1024K, 3 young (3072K), 3 survivors (3072K)
 Metaspace       used 18167K, capacity 18954K, committed 19200K, reserved 1064960K
  class space    used 2491K, capacity 2797K, committed 2816K, reserved 1048576K
}
Event: 9.766 GC heap before
{Heap before GC invocations=4 (full 0):
 garbage-first heap   total 65536K, used 32598K [0x00000000c1a00000, 0x0000000100000000)
  region size 1024K, 27 young (27648K), 3 survivors (3072K)
 Metaspace       used 20263K, capacity 21111K, committed 21296K, reserved 1067008K
  class space    used 2794K, capacity 3106K, committed 3200K, reserved 1048576K
}
Event: 9.779 GC heap after
{Heap after GC invocations=5 (full 0):
 garbage-first heap   total 65536K, used 10058K [0x00000000c1a00000, 0x0000000100000000)
  region size 1024K, 3 young (3072K), 3 survivors (3072K)
 Metaspace       used 20263K, capacity 21111K, committed 21296K, reserved 1067008K
  class space    used 2794K, capacity 3106K, committed 3200K, reserved 1048576K
}
Event: 11.125 GC heap before
{Heap before GC invocations=6 (full 0):
 garbage-first heap   total 65536K, used 43850K [0x00000000c1a00000, 0x0000000100000000)
  region size 1024K, 36 young (36864K), 3 survivors (3072K)
 Metaspace       used 25088K, capacity 26165K, committed 26288K, reserved 1071104K
  class space    used 3377K, capacity 3784K, committed 3840K, reserved 1048576K
}
Event: 11.135 GC heap after
{Heap after GC invocations=7 (full 0):
 garbage-first heap   total 65536K, used 12396K [0x00000000c1a00000, 0x0000000100000000)
  region size 1024K, 5 young (5120K), 5 survivors (5120K)
 Metaspace       used 25088K, capacity 26165K, committed 26288K, reserved 1071104K
  class space    used 3377K, capacity 3784K, committed 3840K, reserved 1048576K
}
Event: 12.738 GC heap before
{Heap before GC invocations=7 (full 0):
 garbage-first heap   total 65536K, used 46188K [0x00000000c1a00000, 0x0000000100000000)
  region size 1024K, 38 young (38912K), 5 survivors (5120K)
 Metaspace       used 30680K, capacity 31879K, committed 31920K, reserved 1077248K
  class space    used 4139K, capacity 4596K, committed 4608K, reserved 1048576K
}
Event: 12.756 GC heap after
{Heap after GC invocations=8 (full 0):
 garbage-first heap   total 65536K, used 14823K [0x00000000c1a00000, 0x0000000100000000)
  region size 1024K, 5 young (5120K), 5 survivors (5120K)
 Metaspace       used 30680K, capacity 31879K, committed 31920K, reserved 1077248K
  class space    used 4139K, capacity 4596K, committed 4608K, reserved 1048576K
}

